Compiling 1 files with Solc 0.8.30
Solc 0.8.30 finished in 465.21ms
Compiler run successful!
Script ran successfully.

== Logs ==
  =========================================
    AUTHORIZE CLEARINGHOUSE IN IF
  =========================================
  
  Deployer: 0xCc624fFA5df1F3F4b30aa8abd30186a86254F406
  InsuranceFund: 0x3C1085dF918a38A95F84945E6705CC857b664074
  ClearingHouse: 0x0BE85ed0948779a01efFB6b017ae87A4E9EB7FD6
  
  ClearingHouse authorized!
  
  =========================================
    AUTHORIZATION COMPLETE
  =========================================

## Setting up 1 EVM.

==========================

Chain 11155111

Estimated gas price: 0.001000016 gwei

Estimated total gas used for script: 65930

Estimated amount required: 0.00000006593105488 ETH

==========================


==========================

ONCHAIN EXECUTION COMPLETE & SUCCESSFUL.

Transactions saved to: /Users/muhammadjonraza/root/byte-strike/broadcast/AuthorizeClearingHouseInIF.s.sol/11155111/run-latest.json

Sensitive values saved to: /Users/muhammadjonraza/root/byte-strike/cache/AuthorizeClearingHouseInIF.s.sol/11155111/run-latest.json

