============================================
CLOSING POSITION
============================================
ClearingHouse: 0x445Fa8890562Ec6220A60b3911C692DffaD49AcB
Market ID: 0x385badc5603eb47056a6bdcd6ac81a50df49d7a4e8a7451405e580bd12087a28
Size: 65252366.6746 GPU-HRS

Generating transaction...

Sending transaction...

blockHash            0x4954dc572aae9ca5fed7045ed2cb3f9c393fb04e89f64124bb7c54b97264e916
blockNumber          9712605
contractAddress      
cumulativeGasUsed    9091515
effectiveGasPrice    3158311928
from                 0xCc624fFA5df1F3F4b30aa8abd30186a86254F406
gasUsed              103238
logs                 []
logsBloom            0x00000000000000000000000000000000000000000000000000000000000000000000000000000000000000000000000000000000000000000000000000000000000000000000000000000000000000000000000000000000000000000000000000000000000000000000000000000000000000000000000000000000000000000000000000000000000000000000000000000000000000000000000000000000000000000000000000000000000000000000000000000000000000000000000000000000000000000000000000000000000000000000000000000000000000000000000000000000000000000000000000000000000000000000000000000000
root                 
status               0 (failed)
transactionHash      0x36060977a7b492ddcacb3f1306f8557b5dd7654f2183558ff60f4e00a540ee43
transactionIndex     45
type                 0
blobGasPrice         
blobGasUsed          
to                   0x445Fa8890562Ec6220A60b3911C692DffaD49AcB
revertReason         No position, data: "0x08c379a00000000000000000000000000000000000000000000000000000000000000020000000000000000000000000000000000000000000000000000000000000000b4e6f20706f736974696f6e000000000000000000000000000000000000000000"

============================================
✅ POSITION CLOSED SUCCESSFULLY!
============================================
