Compiling 2 files with Solc 0.8.30
Solc 0.8.30 finished in 590.53ms
Compiler run successful!
Script ran successfully.

== Logs ==
  =========================================
    DEPLOY UPDATABLE ETH ORACLE
  =========================================
  
  Deployer: 0xCc624fFA5df1F3F4b30aa8abd30186a86254F406
  Initial ETH Price: $3.79
  
  Step 1: Deploying UpdatableETHOracle...
    Oracle deployed: 0xC6Cb27fE8Bc7F936acD718dfd1D6E0592F69A028
    Oracle price: 3790000000000000000
    Owner: 0xCc624fFA5df1F3F4b30aa8abd30186a86254F406
  
  Step 2: Setting vAMM oracle...
    Oracle set!
  
  =========================================
    VERIFICATION
  =========================================
    Oracle Address: 0xC6Cb27fE8Bc7F936acD718dfd1D6E0592F69A028
    vAMM Oracle: 0xC6Cb27fE8Bc7F936acD718dfd1D6E0592F69A028
    Match: true
    Price: 3790000000000000000 ($3.79)
    Owner: 0xCc624fFA5df1F3F4b30aa8abd30186a86254F406
  
  =========================================
    COMPLETE
  =========================================
  
  To update price:
    cast send 0xC6Cb27fE8Bc7F936acD718dfd1D6E0592F69A028
      'updatePrice(uint256)' <NEW_PRICE_IN_WEI>
      --private-key $PRIVATE_KEY
      --rpc-url $SEPOLIA_RPC_URL
  
  Example (set to $4.00):
    cast send 0xC6Cb27fE8Bc7F936acD718dfd1D6E0592F69A028
      'updatePrice(uint256)' 4000000000000000000
      --private-key $PRIVATE_KEY
      --rpc-url $SEPOLIA_RPC_URL

## Setting up 1 EVM.

==========================

Chain 11155111

Estimated gas price: 0.001000028 gwei

Estimated total gas used for script: 309756

Estimated amount required: 0.000000309764673168 ETH

==========================


==========================

ONCHAIN EXECUTION COMPLETE & SUCCESSFUL.

Transactions saved to: /Users/muhammadjonraza/root/byte-strike/broadcast/DeployUpdatableETHOracle.s.sol/11155111/run-latest.json

Sensitive values saved to: /Users/muhammadjonraza/root/byte-strike/cache/DeployUpdatableETHOracle.s.sol/11155111/run-latest.json

