Compiling 56 files with Solc 0.8.30
Solc 0.8.30 finished in 4.55s
Compiler run successful!
Traces:
  [6626856] → new MigrateToNewVault@0x9f7cF1d1F558E57ef88a59ac3D47214eF25B6A06
    └─ ← [Return] 32982 bytes of code

  [5538168] MigrateToNewVault::run()
    ├─ [0] VM::envUint("PRIVATE_KEY") [staticcall]
    │   └─ ← [Return] <env var value>
    ├─ [0] VM::addr(<pk>) [staticcall]
    │   └─ ← [Return] 0xCc624fFA5df1F3F4b30aa8abd30186a86254F406
    ├─ [0] console::log("=========================================") [staticcall]
    │   └─ ← [Stop]
    ├─ [0] console::log("  VAULT MIGRATION - COMPLETE WORKFLOW") [staticcall]
    │   └─ ← [Stop]
    ├─ [0] console::log("=========================================") [staticcall]
    │   └─ ← [Stop]
    ├─ [0] console::log("") [staticcall]
    │   └─ ← [Stop]
    ├─ [0] console::log("Deployer:", 0xCc624fFA5df1F3F4b30aa8abd30186a86254F406) [staticcall]
    │   └─ ← [Stop]
    ├─ [0] console::log("ClearingHouse Proxy:", 0x0BE85ed0948779a01efFB6b017ae87A4E9EB7FD6) [staticcall]
    │   └─ ← [Stop]
    ├─ [0] console::log("Old Vault:", 0xfe2c9c2A1f0c700d88C78dCBc2E7bD1a8BB30DF0) [staticcall]
    │   └─ ← [Stop]
    ├─ [0] console::log("Correct mUSDC:", 0x8C68933688f94BF115ad2F9C8c8e251AE5d4ade7) [staticcall]
    │   └─ ← [Stop]
    ├─ [0] console::log("") [staticcall]
    │   └─ ← [Stop]
    ├─ [0] console::log("STEP 1: Deploying new ClearingHouse V4 implementation...") [staticcall]
    │   └─ ← [Stop]
    ├─ [0] console::log("") [staticcall]
    │   └─ ← [Stop]
    ├─ [0] VM::startBroadcast(<pk>)
    │   └─ ← [Return]
    ├─ [3269395] → new ClearingHouse@0x56a18F7b3348bd35512CCb6710e55344E4Bddc85
    │   ├─ emit Initialized(version: 18446744073709551615 [1.844e19])
    │   └─ ← [Return] 16212 bytes of code
    ├─ [0] console::log("  New ClearingHouse V4 impl:", ClearingHouse: [0x56a18F7b3348bd35512CCb6710e55344E4Bddc85]) [staticcall]
    │   └─ ← [Stop]
    ├─ [0] console::log("") [staticcall]
    │   └─ ← [Stop]
    ├─ [0] console::log("STEP 2: Deploying new CollateralVault...") [staticcall]
    │   └─ ← [Stop]
    ├─ [0] console::log("") [staticcall]
    │   └─ ← [Stop]
    ├─ [1950646] → new CollateralVault@0x86A10164eB8F55EA6765185aFcbF5e073b249Dd2
    │   ├─ emit RoleGranted(role: 0x0000000000000000000000000000000000000000000000000000000000000000, account: 0xCc624fFA5df1F3F4b30aa8abd30186a86254F406, sender: 0xCc624fFA5df1F3F4b30aa8abd30186a86254F406)
    │   └─ ← [Return] 9621 bytes of code
    ├─ [0] console::log("  New Vault deployed:", CollateralVault: [0x86A10164eB8F55EA6765185aFcbF5e073b249Dd2]) [staticcall]
    │   └─ ← [Stop]
    ├─ [24034] CollateralVault::setOracle(0x7d1cc77Cb9C0a30a9aBB3d052A5542aB5E254c9c)
    │   ├─ emit OracleSet(oracle: 0x7d1cc77Cb9C0a30a9aBB3d052A5542aB5E254c9c)
    │   └─ ← [Stop]
    ├─ [23880] CollateralVault::setClearinghouse(0x0BE85ed0948779a01efFB6b017ae87A4E9EB7FD6)
    │   ├─ emit ClearinghouseSet(clearinghouse: 0x0BE85ed0948779a01efFB6b017ae87A4E9EB7FD6)
    │   └─ ← [Stop]
    ├─ [0] console::log("  Oracle set:", 0x7d1cc77Cb9C0a30a9aBB3d052A5542aB5E254c9c) [staticcall]
    │   └─ ← [Stop]
    ├─ [0] console::log("  Clearinghouse set:", 0x0BE85ed0948779a01efFB6b017ae87A4E9EB7FD6) [staticcall]
    │   └─ ← [Stop]
    ├─ [167246] CollateralVault::registerCollateral(CollateralConfig({ token: 0x8C68933688f94BF115ad2F9C8c8e251AE5d4ade7, baseUnit: 1000000 [1e6], haircutBps: 0, liqIncentiveBps: 500, cap: 0, accountCap: 0, enabled: true, depositPaused: false, withdrawPaused: false, oracleSymbol: "USDC" }))
    │   ├─ emit CollateralRegistered(token: 0x8C68933688f94BF115ad2F9C8c8e251AE5d4ade7, baseUnit: 1000000 [1e6], haircutBps: 0, liqIncentiveBps: 500, cap: 0, accountCap: 0, enabled: true, depositPaused: false, withdrawPaused: false, oracleSymbol: "USDC")
    │   └─ ← [Stop]
    ├─ [0] console::log("  Registered mUSDC:", 0x8C68933688f94BF115ad2F9C8c8e251AE5d4ade7) [staticcall]
    │   └─ ← [Stop]
    ├─ [0] console::log("") [staticcall]
    │   └─ ← [Stop]
    ├─ [0] console::log("STEP 3: Migrating user balances...") [staticcall]
    │   └─ ← [Stop]
    ├─ [0] console::log("") [staticcall]
    │   └─ ← [Stop]
    ├─ [3274] 0xfe2c9c2A1f0c700d88C78dCBc2E7bD1a8BB30DF0::balanceOf(0xCc624fFA5df1F3F4b30aa8abd30186a86254F406, 0x8C68933688f94BF115ad2F9C8c8e251AE5d4ade7) [staticcall]
    │   └─ ← [Return] 746920552816 [7.469e11]
    ├─ [0] console::log("  User to migrate:", 0xCc624fFA5df1F3F4b30aa8abd30186a86254F406) [staticcall]
    │   └─ ← [Stop]
    ├─ [0] console::log("  Balance in old vault:", 746920552816 [7.469e11]) [staticcall]
    │   └─ ← [Stop]
    ├─ [2811] 0xfe2c9c2A1f0c700d88C78dCBc2E7bD1a8BB30DF0::withdrawFor(0xCc624fFA5df1F3F4b30aa8abd30186a86254F406, 0x8C68933688f94BF115ad2F9C8c8e251AE5d4ade7, 746920552816 [7.469e11], 0xCc624fFA5df1F3F4b30aa8abd30186a86254F406)
    │   └─ ← [Revert] Not Allowed
    └─ ← [Revert] Not Allowed



== Logs ==
  =========================================
    VAULT MIGRATION - COMPLETE WORKFLOW
  =========================================
  
  Deployer: 0xCc624fFA5df1F3F4b30aa8abd30186a86254F406
  ClearingHouse Proxy: 0x0BE85ed0948779a01efFB6b017ae87A4E9EB7FD6
  Old Vault: 0xfe2c9c2A1f0c700d88C78dCBc2E7bD1a8BB30DF0
  Correct mUSDC: 0x8C68933688f94BF115ad2F9C8c8e251AE5d4ade7
  
  STEP 1: Deploying new ClearingHouse V4 implementation...
  
    New ClearingHouse V4 impl: 0x56a18F7b3348bd35512CCb6710e55344E4Bddc85
  
  STEP 2: Deploying new CollateralVault...
  
    New Vault deployed: 0x86A10164eB8F55EA6765185aFcbF5e073b249Dd2
    Oracle set: 0x7d1cc77Cb9C0a30a9aBB3d052A5542aB5E254c9c
    Clearinghouse set: 0x0BE85ed0948779a01efFB6b017ae87A4E9EB7FD6
    Registered mUSDC: 0x8C68933688f94BF115ad2F9C8c8e251AE5d4ade7
  
  STEP 3: Migrating user balances...
  
    User to migrate: 0xCc624fFA5df1F3F4b30aa8abd30186a86254F406
    Balance in old vault: 746920552816
Error: script failed: Not Allowed
