Compiling 1 files with Solc 0.8.30
Solc 0.8.30 finished in 461.43ms
Compiler run successful!
Script ran successfully.

== Logs ==
  =========================================
    REGISTER USDC IN OLD VAULT
  =========================================
  
  Deployer: 0xCc624fFA5df1F3F4b30aa8abd30186a86254F406
  Old CollateralVault: 0xfe2c9c2A1f0c700d88C78dCBc2E7bD1a8BB30DF0
  Mock USDC: 0x8C68933688f94BF115ad2F9C8c8e251AE5d4ade7
  
  Registering USDC collateral:
    Base Unit: 1000000
    Haircut: 0 bps
    Oracle Symbol: USDC
  
  USDC collateral registered!
  
  =========================================
    REGISTRATION COMPLETE
  =========================================

## Setting up 1 EVM.

==========================

Chain 11155111

Estimated gas price: 0.001000008 gwei

Estimated total gas used for script: 256349

Estimated amount required: 0.000000256351050792 ETH

==========================


==========================

ONCHAIN EXECUTION COMPLETE & SUCCESSFUL.

Transactions saved to: /Users/muhammadjonraza/root/byte-strike/broadcast/RegisterUSDCInOldVault.s.sol/11155111/run-latest.json

Sensitive values saved to: /Users/muhammadjonraza/root/byte-strike/cache/RegisterUSDCInOldVault.s.sol/11155111/run-latest.json

