Compiling 1 files with Solc 0.8.30
Solc 0.8.30 finished in 833.47ms
Compiler run successful!
Traces:
  [217152] RevertCleanupCollateralTokens::run()
    ├─ [0] VM::envUint("PRIVATE_KEY") [staticcall]
    │   └─ ← [Return] <env var value>
    ├─ [0] VM::addr(<pk>) [staticcall]
    │   └─ ← [Return] 0xCc624fFA5df1F3F4b30aa8abd30186a86254F406
    ├─ [0] console::log("=========================================") [staticcall]
    │   └─ ← [Stop]
    ├─ [0] console::log("  REVERT CLEANUP - RE-ENABLE TOKENS") [staticcall]
    │   └─ ← [Stop]
    ├─ [0] console::log("=========================================") [staticcall]
    │   └─ ← [Stop]
    ├─ [0] console::log("") [staticcall]
    │   └─ ← [Stop]
    ├─ [0] console::log("Admin:", 0xCc624fFA5df1F3F4b30aa8abd30186a86254F406) [staticcall]
    │   └─ ← [Stop]
    ├─ [0] console::log("Vault:", 0xfe2c9c2A1f0c700d88C78dCBc2E7bD1a8BB30DF0) [staticcall]
    │   └─ ← [Stop]
    ├─ [0] console::log("") [staticcall]
    │   └─ ← [Stop]
    ├─ [0] console::log("STEP 1: Checking current state...") [staticcall]
    │   └─ ← [Stop]
    ├─ [0] console::log("") [staticcall]
    │   └─ ← [Stop]
    ├─ [5073] 0xfe2c9c2A1f0c700d88C78dCBc2E7bD1a8BB30DF0::registeredTokens(0) [staticcall]
    │   └─ ← [Return] 0x37D5154731eE25C83E06E1abC312075AB4B4D8fF
    ├─ [17116] 0xfe2c9c2A1f0c700d88C78dCBc2E7bD1a8BB30DF0::getConfig(0x37D5154731eE25C83E06E1abC312075AB4B4D8fF) [staticcall]
    │   └─ ← [Return] CollateralConfig({ token: 0x37D5154731eE25C83E06E1abC312075AB4B4D8fF, baseUnit: 1000000 [1e6], haircutBps: 0, liqIncentiveBps: 200, cap: 0, accountCap: 0, enabled: false, depositPaused: false, withdrawPaused: false, oracleSymbol: "USDC" })
    ├─ [0] console::log("  Index", 0, ":", 0x37D5154731eE25C83E06E1abC312075AB4B4D8fF) [staticcall]
    │   └─ ← [Stop]
    ├─ [0] console::log("    Enabled:", false) [staticcall]
    │   └─ ← [Stop]
    ├─ [0] console::log("") [staticcall]
    │   └─ ← [Stop]
    ├─ [3073] 0xfe2c9c2A1f0c700d88C78dCBc2E7bD1a8BB30DF0::registeredTokens(1) [staticcall]
    │   └─ ← [Return] 0x71075745A2A63dff3BD4819e9639D0E412c14AA9
    ├─ [17116] 0xfe2c9c2A1f0c700d88C78dCBc2E7bD1a8BB30DF0::getConfig(0x71075745A2A63dff3BD4819e9639D0E412c14AA9) [staticcall]
    │   └─ ← [Return] CollateralConfig({ token: 0x71075745A2A63dff3BD4819e9639D0E412c14AA9, baseUnit: 1000000 [1e6], haircutBps: 0, liqIncentiveBps: 500, cap: 0, accountCap: 0, enabled: false, depositPaused: false, withdrawPaused: false, oracleSymbol: "USDC" })
    ├─ [0] console::log("  Index", 1, ":", 0x71075745A2A63dff3BD4819e9639D0E412c14AA9) [staticcall]
    │   └─ ← [Stop]
    ├─ [0] console::log("    Enabled:", false) [staticcall]
    │   └─ ← [Stop]
    ├─ [0] console::log("") [staticcall]
    │   └─ ← [Stop]
    ├─ [3073] 0xfe2c9c2A1f0c700d88C78dCBc2E7bD1a8BB30DF0::registeredTokens(2) [staticcall]
    │   └─ ← [Return] 0x8C68933688f94BF115ad2F9C8c8e251AE5d4ade7
    ├─ [17116] 0xfe2c9c2A1f0c700d88C78dCBc2E7bD1a8BB30DF0::getConfig(0x8C68933688f94BF115ad2F9C8c8e251AE5d4ade7) [staticcall]
    │   └─ ← [Return] CollateralConfig({ token: 0x8C68933688f94BF115ad2F9C8c8e251AE5d4ade7, baseUnit: 1000000 [1e6], haircutBps: 0, liqIncentiveBps: 500, cap: 0, accountCap: 0, enabled: true, depositPaused: false, withdrawPaused: false, oracleSymbol: "USDC" })
    ├─ [0] console::log("  Index", 2, ":", 0x8C68933688f94BF115ad2F9C8c8e251AE5d4ade7) [staticcall]
    │   └─ ← [Stop]
    ├─ [0] console::log("    Enabled:", true) [staticcall]
    │   └─ ← [Stop]
    ├─ [0] console::log("") [staticcall]
    │   └─ ← [Stop]
    ├─ [3073] 0xfe2c9c2A1f0c700d88C78dCBc2E7bD1a8BB30DF0::registeredTokens(3) [staticcall]
    │   └─ ← [Return] 0x8C68933688f94BF115ad2F9C8c8e251AE5d4ade7
    ├─ [3116] 0xfe2c9c2A1f0c700d88C78dCBc2E7bD1a8BB30DF0::getConfig(0x8C68933688f94BF115ad2F9C8c8e251AE5d4ade7) [staticcall]
    │   └─ ← [Return] CollateralConfig({ token: 0x8C68933688f94BF115ad2F9C8c8e251AE5d4ade7, baseUnit: 1000000 [1e6], haircutBps: 0, liqIncentiveBps: 500, cap: 0, accountCap: 0, enabled: true, depositPaused: false, withdrawPaused: false, oracleSymbol: "USDC" })
    ├─ [0] console::log("  Index", 3, ":", 0x8C68933688f94BF115ad2F9C8c8e251AE5d4ade7) [staticcall]
    │   └─ ← [Stop]
    ├─ [0] console::log("    Enabled:", true) [staticcall]
    │   └─ ← [Stop]
    ├─ [0] console::log("") [staticcall]
    │   └─ ← [Stop]
    ├─ [707] 0xfe2c9c2A1f0c700d88C78dCBc2E7bD1a8BB30DF0::registeredTokens(4) [staticcall]
    │   └─ ← [Revert] EvmError: Revert
    ├─ [0] console::log("  (No more tokens after index", 4, ")") [staticcall]
    │   └─ ← [Stop]
    ├─ [0] VM::startBroadcast(<pk>)
    │   └─ ← [Return]
    ├─ [0] console::log("STEP 2: Re-enabling previously disabled tokens...") [staticcall]
    │   └─ ← [Stop]
    ├─ [0] console::log("") [staticcall]
    │   └─ ← [Stop]
    ├─ [0] console::log("Re-enabling:", "Old Token 0", "at", 0x37D5154731eE25C83E06E1abC312075AB4B4D8fF) [staticcall]
    │   └─ ← [Stop]
    ├─ [3116] 0xfe2c9c2A1f0c700d88C78dCBc2E7bD1a8BB30DF0::getConfig(0x37D5154731eE25C83E06E1abC312075AB4B4D8fF) [staticcall]
    │   └─ ← [Return] CollateralConfig({ token: 0x37D5154731eE25C83E06E1abC312075AB4B4D8fF, baseUnit: 1000000 [1e6], haircutBps: 0, liqIncentiveBps: 200, cap: 0, accountCap: 0, enabled: false, depositPaused: false, withdrawPaused: false, oracleSymbol: "USDC" })
    ├─ [30456] 0xfe2c9c2A1f0c700d88C78dCBc2E7bD1a8BB30DF0::setCollateralParams(0x37D5154731eE25C83E06E1abC312075AB4B4D8fF, CollateralConfig({ token: 0x37D5154731eE25C83E06E1abC312075AB4B4D8fF, baseUnit: 1000000 [1e6], haircutBps: 0, liqIncentiveBps: 200, cap: 0, accountCap: 0, enabled: true, depositPaused: false, withdrawPaused: false, oracleSymbol: "USDC" }))
    │   ├─ emit CollateralParamsUpdated(token: 0x37D5154731eE25C83E06E1abC312075AB4B4D8fF, haircutBps: 0, liqIncentiveBps: 200, cap: 0, accountCap: 0, enabled: true, depositPaused: false, withdrawPaused: false, oracleSymbol: "USDC")
    │   └─ ← [Stop]
    ├─ [0] console::log("  Re-enabled successfully") [staticcall]
    │   └─ ← [Stop]
    ├─ [0] console::log("") [staticcall]
    │   └─ ← [Stop]
    ├─ [0] console::log("Re-enabling:", "Old mUSDC", "at", 0x71075745A2A63dff3BD4819e9639D0E412c14AA9) [staticcall]
    │   └─ ← [Stop]
    ├─ [3116] 0xfe2c9c2A1f0c700d88C78dCBc2E7bD1a8BB30DF0::getConfig(0x71075745A2A63dff3BD4819e9639D0E412c14AA9) [staticcall]
    │   └─ ← [Return] CollateralConfig({ token: 0x71075745A2A63dff3BD4819e9639D0E412c14AA9, baseUnit: 1000000 [1e6], haircutBps: 0, liqIncentiveBps: 500, cap: 0, accountCap: 0, enabled: false, depositPaused: false, withdrawPaused: false, oracleSymbol: "USDC" })
    ├─ [28456] 0xfe2c9c2A1f0c700d88C78dCBc2E7bD1a8BB30DF0::setCollateralParams(0x71075745A2A63dff3BD4819e9639D0E412c14AA9, CollateralConfig({ token: 0x71075745A2A63dff3BD4819e9639D0E412c14AA9, baseUnit: 1000000 [1e6], haircutBps: 0, liqIncentiveBps: 500, cap: 0, accountCap: 0, enabled: true, depositPaused: false, withdrawPaused: false, oracleSymbol: "USDC" }))
    │   ├─ emit CollateralParamsUpdated(token: 0x71075745A2A63dff3BD4819e9639D0E412c14AA9, haircutBps: 0, liqIncentiveBps: 500, cap: 0, accountCap: 0, enabled: true, depositPaused: false, withdrawPaused: false, oracleSymbol: "USDC")
    │   └─ ← [Stop]
    ├─ [0] console::log("  Re-enabled successfully") [staticcall]
    │   └─ ← [Stop]
    ├─ [0] console::log("") [staticcall]
    │   └─ ← [Stop]
    ├─ [0] VM::stopBroadcast()
    │   └─ ← [Return]
    ├─ [0] console::log("") [staticcall]
    │   └─ ← [Stop]
    ├─ [0] console::log("STEP 3: Verifying revert...") [staticcall]
    │   └─ ← [Stop]
    ├─ [0] console::log("") [staticcall]
    │   └─ ← [Stop]
    ├─ [1073] 0xfe2c9c2A1f0c700d88C78dCBc2E7bD1a8BB30DF0::registeredTokens(0) [staticcall]
    │   └─ ← [Return] 0x37D5154731eE25C83E06E1abC312075AB4B4D8fF
    ├─ [3116] 0xfe2c9c2A1f0c700d88C78dCBc2E7bD1a8BB30DF0::getConfig(0x37D5154731eE25C83E06E1abC312075AB4B4D8fF) [staticcall]
    │   └─ ← [Return] CollateralConfig({ token: 0x37D5154731eE25C83E06E1abC312075AB4B4D8fF, baseUnit: 1000000 [1e6], haircutBps: 0, liqIncentiveBps: 200, cap: 0, accountCap: 0, enabled: true, depositPaused: false, withdrawPaused: false, oracleSymbol: "USDC" })
    ├─ [0] console::log("  Enabled Token:", 0x37D5154731eE25C83E06E1abC312075AB4B4D8fF) [staticcall]
    │   └─ ← [Stop]
    ├─ [0] console::log("    Oracle Symbol:", "USDC") [staticcall]
    │   └─ ← [Stop]
    ├─ [1073] 0xfe2c9c2A1f0c700d88C78dCBc2E7bD1a8BB30DF0::registeredTokens(1) [staticcall]
    │   └─ ← [Return] 0x71075745A2A63dff3BD4819e9639D0E412c14AA9
    ├─ [3116] 0xfe2c9c2A1f0c700d88C78dCBc2E7bD1a8BB30DF0::getConfig(0x71075745A2A63dff3BD4819e9639D0E412c14AA9) [staticcall]
    │   └─ ← [Return] CollateralConfig({ token: 0x71075745A2A63dff3BD4819e9639D0E412c14AA9, baseUnit: 1000000 [1e6], haircutBps: 0, liqIncentiveBps: 500, cap: 0, accountCap: 0, enabled: true, depositPaused: false, withdrawPaused: false, oracleSymbol: "USDC" })
    ├─ [0] console::log("  Enabled Token:", 0x71075745A2A63dff3BD4819e9639D0E412c14AA9) [staticcall]
    │   └─ ← [Stop]
    ├─ [0] console::log("    Oracle Symbol:", "USDC") [staticcall]
    │   └─ ← [Stop]
    ├─ [1073] 0xfe2c9c2A1f0c700d88C78dCBc2E7bD1a8BB30DF0::registeredTokens(2) [staticcall]
    │   └─ ← [Return] 0x8C68933688f94BF115ad2F9C8c8e251AE5d4ade7
    ├─ [3116] 0xfe2c9c2A1f0c700d88C78dCBc2E7bD1a8BB30DF0::getConfig(0x8C68933688f94BF115ad2F9C8c8e251AE5d4ade7) [staticcall]
    │   └─ ← [Return] CollateralConfig({ token: 0x8C68933688f94BF115ad2F9C8c8e251AE5d4ade7, baseUnit: 1000000 [1e6], haircutBps: 0, liqIncentiveBps: 500, cap: 0, accountCap: 0, enabled: true, depositPaused: false, withdrawPaused: false, oracleSymbol: "USDC" })
    ├─ [0] console::log("  Enabled Token:", 0x8C68933688f94BF115ad2F9C8c8e251AE5d4ade7) [staticcall]
    │   └─ ← [Stop]
    ├─ [0] console::log("    Oracle Symbol:", "USDC") [staticcall]
    │   └─ ← [Stop]
    ├─ [1073] 0xfe2c9c2A1f0c700d88C78dCBc2E7bD1a8BB30DF0::registeredTokens(3) [staticcall]
    │   └─ ← [Return] 0x8C68933688f94BF115ad2F9C8c8e251AE5d4ade7
    ├─ [3116] 0xfe2c9c2A1f0c700d88C78dCBc2E7bD1a8BB30DF0::getConfig(0x8C68933688f94BF115ad2F9C8c8e251AE5d4ade7) [staticcall]
    │   └─ ← [Return] CollateralConfig({ token: 0x8C68933688f94BF115ad2F9C8c8e251AE5d4ade7, baseUnit: 1000000 [1e6], haircutBps: 0, liqIncentiveBps: 500, cap: 0, accountCap: 0, enabled: true, depositPaused: false, withdrawPaused: false, oracleSymbol: "USDC" })
    ├─ [0] console::log("  Enabled Token:", 0x8C68933688f94BF115ad2F9C8c8e251AE5d4ade7) [staticcall]
    │   └─ ← [Stop]
    ├─ [0] console::log("    Oracle Symbol:", "USDC") [staticcall]
    │   └─ ← [Stop]
    ├─ [707] 0xfe2c9c2A1f0c700d88C78dCBc2E7bD1a8BB30DF0::registeredTokens(4) [staticcall]
    │   └─ ← [Revert] EvmError: Revert
    ├─ [0] console::log("") [staticcall]
    │   └─ ← [Stop]
    ├─ [0] console::log("Total enabled tokens:", 4) [staticcall]
    │   └─ ← [Stop]
    ├─ [0] console::log("") [staticcall]
    │   └─ ← [Stop]
    ├─ [0] console::log("=========================================") [staticcall]
    │   └─ ← [Stop]
    ├─ [0] console::log("  REVERT COMPLETE") [staticcall]
    │   └─ ← [Stop]
    ├─ [0] console::log("=========================================") [staticcall]
    │   └─ ← [Stop]
    └─ ← [Return]


Script ran successfully.

== Logs ==
  =========================================
    REVERT CLEANUP - RE-ENABLE TOKENS
  =========================================
  
  Admin: 0xCc624fFA5df1F3F4b30aa8abd30186a86254F406
  Vault: 0xfe2c9c2A1f0c700d88C78dCBc2E7bD1a8BB30DF0
  
  STEP 1: Checking current state...
  
    Index 0 : 0x37D5154731eE25C83E06E1abC312075AB4B4D8fF
      Enabled: false
  
    Index 1 : 0x71075745A2A63dff3BD4819e9639D0E412c14AA9
      Enabled: false
  
    Index 2 : 0x8C68933688f94BF115ad2F9C8c8e251AE5d4ade7
      Enabled: true
  
    Index 3 : 0x8C68933688f94BF115ad2F9C8c8e251AE5d4ade7
      Enabled: true
  
    (No more tokens after index 4 )
  STEP 2: Re-enabling previously disabled tokens...
  
  Re-enabling: Old Token 0 at 0x37D5154731eE25C83E06E1abC312075AB4B4D8fF
    Re-enabled successfully
  
  Re-enabling: Old mUSDC at 0x71075745A2A63dff3BD4819e9639D0E412c14AA9
    Re-enabled successfully
  
  
  STEP 3: Verifying revert...
  
    Enabled Token: 0x37D5154731eE25C83E06E1abC312075AB4B4D8fF
      Oracle Symbol: USDC
    Enabled Token: 0x71075745A2A63dff3BD4819e9639D0E412c14AA9
      Oracle Symbol: USDC
    Enabled Token: 0x8C68933688f94BF115ad2F9C8c8e251AE5d4ade7
      Oracle Symbol: USDC
    Enabled Token: 0x8C68933688f94BF115ad2F9C8c8e251AE5d4ade7
      Oracle Symbol: USDC
  
  Total enabled tokens: 4
  
  =========================================
    REVERT COMPLETE
  =========================================

## Setting up 1 EVM.
==========================
Simulated On-chain Traces:

  [44756] 0xfe2c9c2A1f0c700d88C78dCBc2E7bD1a8BB30DF0::setCollateralParams(0x37D5154731eE25C83E06E1abC312075AB4B4D8fF, CollateralConfig({ token: 0x37D5154731eE25C83E06E1abC312075AB4B4D8fF, baseUnit: 1000000 [1e6], haircutBps: 0, liqIncentiveBps: 200, cap: 0, accountCap: 0, enabled: true, depositPaused: false, withdrawPaused: false, oracleSymbol: "USDC" }))
    ├─ emit CollateralParamsUpdated(token: 0x37D5154731eE25C83E06E1abC312075AB4B4D8fF, haircutBps: 0, liqIncentiveBps: 200, cap: 0, accountCap: 0, enabled: true, depositPaused: false, withdrawPaused: false, oracleSymbol: "USDC")
    └─ ← [Stop]

  [44756] 0xfe2c9c2A1f0c700d88C78dCBc2E7bD1a8BB30DF0::setCollateralParams(0x71075745A2A63dff3BD4819e9639D0E412c14AA9, CollateralConfig({ token: 0x71075745A2A63dff3BD4819e9639D0E412c14AA9, baseUnit: 1000000 [1e6], haircutBps: 0, liqIncentiveBps: 500, cap: 0, accountCap: 0, enabled: true, depositPaused: false, withdrawPaused: false, oracleSymbol: "USDC" }))
    ├─ emit CollateralParamsUpdated(token: 0x71075745A2A63dff3BD4819e9639D0E412c14AA9, haircutBps: 0, liqIncentiveBps: 500, cap: 0, accountCap: 0, enabled: true, depositPaused: false, withdrawPaused: false, oracleSymbol: "USDC")
    └─ ← [Stop]


==========================

Chain 11155111

Estimated gas price: 0.00100002 gwei

Estimated total gas used for script: 188549

Estimated amount required: 0.00000018855277098 ETH

==========================


==========================

ONCHAIN EXECUTION COMPLETE & SUCCESSFUL.

Transactions saved to: /Users/muhammadjonraza/root/byte-strike/broadcast/RevertCleanupCollateralTokens.s.sol/11155111/run-latest.json

Sensitive values saved to: /Users/muhammadjonraza/root/byte-strike/cache/RevertCleanupCollateralTokens.s.sol/11155111/run-latest.json

