Compiling 1 files with Solc 0.8.30
Solc 0.8.30 finished in 434.00ms
Compiler run successful!
Script ran successfully.

== Logs ==
  =========================================
    UPDATE FEE ROUTER CLEARINGHOUSE
  =========================================
  
  Deployer: 0xCc624fFA5df1F3F4b30aa8abd30186a86254F406
  FeeRouter: 0xa75839A6D2Bb2f47FE98dc81EC47eaD01D4A2c1F
  New ClearingHouse: 0x0BE85ed0948779a01efFB6b017ae87A4E9EB7FD6
  
  ClearingHouse updated!
  
  =========================================
    UPDATE COMPLETE
  =========================================

## Setting up 1 EVM.

==========================

Chain 11155111

Estimated gas price: 0.001000016 gwei

Estimated total gas used for script: 41542

Estimated amount required: 0.000000041542664672 ETH

==========================


==========================

ONCHAIN EXECUTION COMPLETE & SUCCESSFUL.

Transactions saved to: /Users/muhammadjonraza/root/byte-strike/broadcast/UpdateFeeRouterCH.s.sol/11155111/run-latest.json

Sensitive values saved to: /Users/muhammadjonraza/root/byte-strike/cache/UpdateFeeRouterCH.s.sol/11155111/run-latest.json

